2021-05-29 12:56:07,422 DEBUG    root            Loaded Command Group: ['gcloud', 'init']
2021-05-29 12:56:07,425 DEBUG    root            No implementation for release track [GA] for element: [/snap/google-cloud-sdk/183/lib/surface/bq]
2021-05-29 12:56:07,426 DEBUG    root            No implementation for release track [GA] for element: [/snap/google-cloud-sdk/183/lib/surface/genomics]
2021-05-29 12:56:07,428 DEBUG    root            Loaded Command Group: ['gcloud', 'access_context_manager']
2021-05-29 12:56:07,431 DEBUG    root            Loaded Command Group: ['gcloud', 'config']
2021-05-29 12:56:07,433 DEBUG    root            No implementation for release track [GA] for element: [/snap/google-cloud-sdk/183/lib/surface/commerce_procurement]
2021-05-29 12:56:07,435 DEBUG    root            Loaded Command Group: ['gcloud', 'workspace_add_ons']
2021-05-29 12:56:07,440 DEBUG    root            Loaded Command Group: ['gcloud', 'functions']
2021-05-29 12:56:07,443 DEBUG    root            Loaded Command Group: ['gcloud', 'resource_manager']
2021-05-29 12:56:07,445 DEBUG    root            No implementation for release track [GA] for element: [/snap/google-cloud-sdk/183/lib/surface/alloydb]
2021-05-29 12:56:07,447 DEBUG    root            No implementation for release track [GA] for element: [/snap/google-cloud-sdk/183/lib/surface/media]
2021-05-29 12:56:07,449 DEBUG    root            No implementation for release track [GA] for element: [/snap/google-cloud-sdk/183/lib/surface/trace]
2021-05-29 12:56:07,492 DEBUG    root            Loaded Command Group: ['gcloud', 'ml_engine']
2021-05-29 12:56:07,496 DEBUG    root            Loaded Command Group: ['gcloud', 'cloud_shell']
2021-05-29 12:56:07,499 DEBUG    root            Loaded Command Group: ['gcloud', 'assured']
2021-05-29 12:56:07,502 DEBUG    root            No implementation for release track [GA] for element: [/snap/google-cloud-sdk/183/lib/surface/error_reporting]
2021-05-29 12:56:07,503 DEBUG    root            No implementation for release track [GA] for element: [/snap/google-cloud-sdk/183/lib/surface/dlp]
2021-05-29 12:56:07,508 DEBUG    root            No implementation for release track [GA] for element: [/snap/google-cloud-sdk/183/lib/surface/runtime_config]
2021-05-29 12:56:07,512 DEBUG    root            Loaded Command Group: ['gcloud', 'version']
2021-05-29 12:56:07,515 DEBUG    root            No implementation for release track [GA] for element: [/snap/google-cloud-sdk/183/lib/surface/kuberun]
2021-05-29 12:56:07,517 DEBUG    root            Loaded Command Group: ['gcloud', 'deployment_manager']
2021-05-29 12:56:07,519 DEBUG    root            Loaded Command Group: ['gcloud', 'notebooks']
2021-05-29 12:56:07,522 DEBUG    root            Loaded Command Group: ['gcloud', 'resource_settings']
2021-05-29 12:56:07,524 DEBUG    root            No implementation for release track [GA] for element: [/snap/google-cloud-sdk/183/lib/surface/resource_config]
2021-05-29 12:56:07,526 DEBUG    root            No implementation for release track [GA] for element: [/snap/google-cloud-sdk/183/lib/surface/network_services]
2021-05-29 12:56:07,529 DEBUG    root            Loaded Command Group: ['gcloud', 'cheat_sheet']
2021-05-29 12:56:07,531 DEBUG    root            Loaded Command Group: ['gcloud', 'privateca']
2021-05-29 12:56:07,533 DEBUG    root            Loaded Command Group: ['gcloud', 'organizations']
2021-05-29 12:56:07,536 DEBUG    root            No implementation for release track [GA] for element: [/snap/google-cloud-sdk/183/lib/surface/publicca]
2021-05-29 12:56:07,538 DEBUG    root            Loaded Command Group: ['gcloud', 'auth']
2021-05-29 12:56:07,541 DEBUG    root            Loaded Command Group: ['gcloud', 'logging']
2021-05-29 12:56:07,553 DEBUG    root            Loaded Command Group: ['gcloud', 'help']
2021-05-29 12:56:07,556 DEBUG    root            Loaded Command Group: ['gcloud', 'components']
2021-05-29 12:56:07,560 DEBUG    root            Loaded Command Group: ['gcloud', 'app']
2021-05-29 12:56:07,563 DEBUG    root            Loaded Command Group: ['gcloud', 'ml']
2021-05-29 12:56:07,566 DEBUG    root            Loaded Command Group: ['gcloud', 'healthcare']
2021-05-29 12:56:07,568 DEBUG    root            No implementation for release track [GA] for element: [/snap/google-cloud-sdk/183/lib/surface/certificate_manager]
2021-05-29 12:56:07,570 DEBUG    root            No implementation for release track [GA] for element: [/snap/google-cloud-sdk/183/lib/surface/network_security]
2021-05-29 12:56:07,571 DEBUG    root            Loaded Command Group: ['gcloud', 'source']
2021-05-29 12:56:07,576 DEBUG    root            Loaded Command Group: ['gcloud', 'container']
2021-05-29 12:56:07,579 DEBUG    root            No implementation for release track [GA] for element: [/snap/google-cloud-sdk/183/lib/surface/recaptcha]
2021-05-29 12:56:07,581 DEBUG    root            Loaded Command Group: ['gcloud', 'org_policies']
2021-05-29 12:56:07,584 DEBUG    root            Loaded Command Group: ['gcloud', 'kms']
2021-05-29 12:56:07,595 DEBUG    root            Loaded Command Group: ['gcloud', 'docker']
2021-05-29 12:56:07,598 DEBUG    root            Loaded Command Group: ['gcloud', 'dns']
2021-05-29 12:56:07,601 DEBUG    root            Loaded Command Group: ['gcloud', 'iap']
2021-05-29 12:56:07,603 DEBUG    root            Loaded Command Group: ['gcloud', 'anthos']
2021-05-29 12:56:07,606 DEBUG    root            Loaded Command Group: ['gcloud', 'emulators']
2021-05-29 12:56:07,695 DEBUG    root            Loaded Command Group: ['gcloud', 'compute']
2021-05-29 12:56:07,703 DEBUG    root            Loaded Command Group: ['gcloud', 'scheduler']
2021-05-29 12:56:07,706 DEBUG    root            No implementation for release track [GA] for element: [/snap/google-cloud-sdk/183/lib/surface/blueprints]
2021-05-29 12:56:07,707 DEBUG    root            Loaded Command Group: ['gcloud', 'metastore']
2021-05-29 12:56:07,710 DEBUG    root            No implementation for release track [GA] for element: [/snap/google-cloud-sdk/183/lib/surface/deploy]
2021-05-29 12:56:07,711 DEBUG    root            No implementation for release track [GA] for element: [/snap/google-cloud-sdk/183/lib/surface/vmware]
2021-05-29 12:56:07,713 DEBUG    root            Loaded Command Group: ['gcloud', 'monitoring']
2021-05-29 12:56:07,715 DEBUG    root            Loaded Command Group: ['gcloud', 'asset']
2021-05-29 12:56:07,718 DEBUG    root            Loaded Command Group: ['gcloud', 'tasks']
2021-05-29 12:56:07,720 DEBUG    root            Loaded Command Group: ['gcloud', 'workflows']
2021-05-29 12:56:07,723 DEBUG    root            Loaded Command Group: ['gcloud', 'database_migration']
2021-05-29 12:56:07,725 DEBUG    root            Loaded Command Group: ['gcloud', 'dataproc']
2021-05-29 12:56:07,727 DEBUG    root            Loaded Command Group: ['gcloud', 'artifacts']
2021-05-29 12:56:07,729 DEBUG    root            Loaded Command Group: ['gcloud', 'ai_platform']
2021-05-29 12:56:07,731 DEBUG    root            Loaded Command Group: ['gcloud', 'bigtable']
2021-05-29 12:56:07,733 DEBUG    root            Loaded Command Group: ['gcloud', 'game']
2021-05-29 12:56:07,736 DEBUG    root            No implementation for release track [GA] for element: [/snap/google-cloud-sdk/183/lib/surface/admin_service_cluster]
2021-05-29 12:56:07,737 DEBUG    root            Loaded Command Group: ['gcloud', 'ai']
2021-05-29 12:56:07,740 DEBUG    root            No implementation for release track [GA] for element: [/snap/google-cloud-sdk/183/lib/surface/web_security_scanner]
2021-05-29 12:56:07,741 DEBUG    root            Loaded Command Group: ['gcloud', 'billing']
2021-05-29 12:56:07,744 DEBUG    root            Loaded Command Group: ['gcloud', 'scc']
2021-05-29 12:56:07,746 DEBUG    root            Loaded Command Group: ['gcloud', 'firestore']
2021-05-29 12:56:07,749 DEBUG    root            No implementation for release track [GA] for element: [/snap/google-cloud-sdk/183/lib/surface/edge_cache]
2021-05-29 12:56:07,750 DEBUG    root            Loaded Command Group: ['gcloud', 'dataflow']
2021-05-29 12:56:07,753 DEBUG    root            Loaded Command Group: ['gcloud', 'iam']
2021-05-29 12:56:07,755 DEBUG    root            Loaded Command Group: ['gcloud', 'memcache']
2021-05-29 12:56:07,758 DEBUG    root            No implementation for release track [GA] for element: [/snap/google-cloud-sdk/183/lib/surface/transfer]
2021-05-29 12:56:07,760 DEBUG    root            No implementation for release track [GA] for element: [/snap/google-cloud-sdk/183/lib/surface/remote_build_execution]
2021-05-29 12:56:07,761 DEBUG    root            Loaded Command Group: ['gcloud', 'datastore']
2021-05-29 12:56:07,764 DEBUG    root            No implementation for release track [GA] for element: [/snap/google-cloud-sdk/183/lib/surface/transcoder]
2021-05-29 12:56:07,770 DEBUG    root            No implementation for release track [GA] for element: [/snap/google-cloud-sdk/183/lib/surface/code]
2021-05-29 12:56:07,772 DEBUG    root            No implementation for release track [GA] for element: [/snap/google-cloud-sdk/183/lib/surface/labelmanager]
2021-05-29 12:56:07,773 DEBUG    root            Loaded Command Group: ['gcloud', 'network_management']
2021-05-29 12:56:07,779 DEBUG    root            Loaded Command Group: ['gcloud', 'builds']
2021-05-29 12:56:07,783 DEBUG    root            Loaded Command Group: ['gcloud', 'policy_troubleshoot']
2021-05-29 12:56:07,785 DEBUG    root            Loaded Command Group: ['gcloud', 'services']
2021-05-29 12:56:07,788 DEBUG    root            Loaded Command Group: ['gcloud', 'firebase']
2021-05-29 12:56:07,790 DEBUG    root            Loaded Command Group: ['gcloud', 'pubsub']
2021-05-29 12:56:07,792 DEBUG    root            Loaded Command Group: ['gcloud', 'service_directory']
2021-05-29 12:56:07,795 DEBUG    root            No implementation for release track [GA] for element: [/snap/google-cloud-sdk/183/lib/surface/data_fusion]
2021-05-29 12:56:07,798 DEBUG    root            No implementation for release track [GA] for element: [/snap/google-cloud-sdk/183/lib/surface/lifesciences]
2021-05-29 12:56:07,800 DEBUG    root            Loaded Command Group: ['gcloud', 'topic']
2021-05-29 12:56:07,802 DEBUG    root            Loaded Command Group: ['gcloud', 'spanner']
2021-05-29 12:56:07,805 DEBUG    root            Loaded Command Group: ['gcloud', 'data_catalog']
2021-05-29 12:56:07,814 DEBUG    root            Loaded Command Group: ['gcloud', 'feedback']
2021-05-29 12:56:07,816 DEBUG    root            Loaded Command Group: ['gcloud', 'run']
2021-05-29 12:56:07,819 DEBUG    root            No implementation for release track [GA] for element: [/snap/google-cloud-sdk/183/lib/surface/dialogflow]
2021-05-29 12:56:07,821 DEBUG    root            Loaded Command Group: ['gcloud', 'redis']
2021-05-29 12:56:07,823 DEBUG    root            Loaded Command Group: ['gcloud', 'composer']
2021-05-29 12:56:07,826 DEBUG    root            Loaded Command Group: ['gcloud', 'active_directory']
2021-05-29 12:56:07,831 DEBUG    root            Loaded Command Group: ['gcloud', 'debug']
2021-05-29 12:56:07,835 DEBUG    root            Loaded Command Group: ['gcloud', 'identity']
2021-05-29 12:56:07,837 DEBUG    root            Loaded Command Group: ['gcloud', 'eventarc']
2021-05-29 12:56:07,839 DEBUG    root            Loaded Command Group: ['gcloud', 'recommender']
2021-05-29 12:56:07,843 DEBUG    root            Loaded Command Group: ['gcloud', 'info']
2021-05-29 12:56:07,845 DEBUG    root            Loaded Command Group: ['gcloud', 'apigee']
2021-05-29 12:56:07,847 DEBUG    root            No implementation for release track [GA] for element: [/snap/google-cloud-sdk/183/lib/surface/network_connectivity]
2021-05-29 12:56:07,849 DEBUG    root            No implementation for release track [GA] for element: [/snap/google-cloud-sdk/183/lib/surface/datastream]
2021-05-29 12:56:07,851 DEBUG    root            Loaded Command Group: ['gcloud', 'filestore']
2021-05-29 12:56:07,854 DEBUG    root            Loaded Command Group: ['gcloud', 'secrets']
2021-05-29 12:56:07,858 DEBUG    root            Loaded Command Group: ['gcloud', 'meta']
2021-05-29 12:56:08,013 DEBUG    root            No implementation for release track [GA] for element: [/snap/google-cloud-sdk/183/lib/surface/interactive]
2021-05-29 12:56:08,024 DEBUG    root            Loaded Command Group: ['gcloud', 'survey']
2021-05-29 12:56:08,027 DEBUG    root            No implementation for release track [GA] for element: [/snap/google-cloud-sdk/183/lib/surface/essential_contacts]
2021-05-29 12:56:08,029 DEBUG    root            No implementation for release track [GA] for element: [/snap/google-cloud-sdk/183/lib/surface/storage]
2021-05-29 12:56:08,031 DEBUG    root            Loaded Command Group: ['gcloud', 'api_gateway']
2021-05-29 12:56:08,070 DEBUG    root            No implementation for release track [GA] for element: [/snap/google-cloud-sdk/183/lib/surface/events]
2021-05-29 12:56:08,072 DEBUG    root            Loaded Command Group: ['gcloud', 'iot']
2021-05-29 12:56:08,074 DEBUG    root            Loaded Command Group: ['gcloud', 'domains']
2021-05-29 12:56:08,076 DEBUG    root            No implementation for release track [GA] for element: [/snap/google-cloud-sdk/183/lib/surface/policy_intelligence]
2021-05-29 12:56:08,078 DEBUG    root            Loaded Command Group: ['gcloud', 'sql']
2021-05-29 12:56:08,080 DEBUG    root            No implementation for release track [GA] for element: [/snap/google-cloud-sdk/183/lib/surface/access_approval]
2021-05-29 12:56:08,082 DEBUG    root            Loaded Command Group: ['gcloud', 'endpoints']
2021-05-29 12:56:08,084 DEBUG    root            Loaded Command Group: ['gcloud', 'projects']
2021-05-29 12:56:08,086 DEBUG    root            No implementation for release track [GA] for element: [/snap/google-cloud-sdk/183/lib/surface/edge_container]
2021-05-29 12:56:08,087 ERROR    root            (gcloud) Invalid choice: 'get'.
