2021-05-25 01:22:27,549 DEBUG    root            Loaded Command Group: ['gcloud', 'container']
2021-05-25 01:22:27,563 DEBUG    root            Loaded Command Group: ['gcloud', 'container', 'clusters']
2021-05-25 01:22:27,571 DEBUG    root            Loaded Command Group: ['gcloud', 'container', 'clusters', 'resize']
2021-05-25 01:22:27,573 WARNING  root            The --size flag is now deprecated. Please use `--num-nodes` instead.
2021-05-25 01:22:27,652 DEBUG    google.auth.transport.requests Making request: POST https://oauth2.googleapis.com/token
2021-05-25 01:22:27,659 DEBUG    urllib3.connectionpool Starting new HTTPS connection (1): oauth2.googleapis.com:443
2021-05-25 01:22:27,861 DEBUG    urllib3.connectionpool https://oauth2.googleapis.com:443 "POST /token HTTP/1.1" 200 None
2021-05-25 01:22:27,913 DEBUG    root            Running [gcloud.container.clusters.resize] with arguments: [--size: "0", NAME: "my-cluster"]
2021-05-25 01:22:34,467 INFO     ___FILE_ONLY___ Resizing my-cluster...
2021-05-25 01:26:58,832 INFO     root            Operation <Operation
 clusterConditions: []
 endTime: '2021-05-25T01:26:55.369020206Z'
 name: 'operation-1621905754438-7bde38b9'
 nodepoolConditions: []
 operationType: OperationTypeValueValuesEnum(SET_NODE_POOL_SIZE, 14)
 selfLink: 'https://container.googleapis.com/v1/projects/292914610678/zones/asia-south1-c/operations/operation-1621905754438-7bde38b9'
 startTime: '2021-05-25T01:22:34.438898782Z'
 status: StatusValueValuesEnum(DONE, 3)
 targetLink: 'https://container.googleapis.com/v1/projects/292914610678/zones/asia-south1-c/clusters/my-cluster/nodePools/default-pool'
 zone: 'asia-south1-c'> succeeded after 264.364 seconds
2021-05-25 01:26:58,921 INFO     ___FILE_ONLY___ Updated [https://container.googleapis.com/v1/projects/coastal-hue-314206/zones/asia-south1-c/clusters/my-cluster].

2021-05-25 01:26:58,923 INFO     root            Display format: "default"
2021-05-25 01:26:58,924 DEBUG    root            SDK update checks are disabled.
