2021-05-25 07:00:00,287 DEBUG    root            Loaded Command Group: ['gcloud', 'config']
2021-05-25 07:00:00,290 DEBUG    root            Loaded Command Group: ['gcloud', 'config', 'config_helper']
2021-05-25 07:00:00,292 DEBUG    root            Running [gcloud.config.config-helper] with arguments: [--format: "json"]
2021-05-25 07:00:00,304 INFO     root            Display format: "default json"
2021-05-25 07:00:00,305 INFO     ___FILE_ONLY___ {
  "configuration": {
    "active_configuration": "kube8-",
    "properties": {
      "compute": {
        "region": "asia-south1",
        "zone": "asia-south1-c"
      },
      "core": {
        "account": "cmdbvijay@gmail.com",
        "disable_usage_reporting": "True",
        "project": "coastal-hue-314206"
      }
    }
  },
  "credential": {
    "access_token": "ya29.a0AfH6SMDn2_RnItB1QzGuP2ahBxtRjIfcYP49E85Kf9sPtY7C0MNiRKA4QKBPMipS97J25_DCrXOtwTpQC9Ac5e_xFGNo_Uk4h9iPKGMY8rWBKiBZ_kTK5DTS9svcEFYtLbijFR5HItjtbrNoTqqJyZ8rFYtUuc5isNfc_Q",
    "id_token": "eyJhbGciOiJSUzI1NiIsImtpZCI6ImNkNDliMmFiMTZlMWU5YTQ5NmM4MjM5ZGFjMGRhZGQwOWQ0NDMwMTIiLCJ0eXAiOiJKV1QifQ.eyJpc3MiOiJodHRwczovL2FjY291bnRzLmdvb2dsZS5jb20iLCJhenAiOiIzMjU1NTk0MDU1OS5hcHBzLmdvb2dsZXVzZXJjb250ZW50LmNvbSIsImF1ZCI6IjMyNTU1OTQwNTU5LmFwcHMuZ29vZ2xldXNlcmNvbnRlbnQuY29tIiwic3ViIjoiMTA5MjI3NjM0ODE5NzI1MTM2OTM4IiwiZW1haWwiOiJjbWRidmlqYXlAZ21haWwuY29tIiwiZW1haWxfdmVyaWZpZWQiOnRydWUsImF0X2hhc2giOiI4Nk9YaW91Y0JSblJMTERBUTJyaHJnIiwiaWF0IjoxNjIxOTI1OTk2LCJleHAiOjE2MjE5Mjk1OTZ9.V0Wo42ew64hUnq8qt9RdMsAKVg7LhVTv4d78wF9S32mYXA-MV2UMMoxuD3wiCt9_4CGMqbKR64tP3yAlTY8REZM4nSF4cfwdzq130L7xU1LfU1iBCBBUIQjGMBQ-HK9Q9OBTe_JLrqpS6o7UPx7Cm1V_hCd0qEOJU-JbG3SiJcCCQKDmDvuKqFp93A0EvUJJE1cYHjnzUvM46G4oA-6w7KIJ6XKCIV0pDlsr-NqdhN5LKhIp-77TWeiUVoRI6KMVLb-hkDXJ6jyqH5J7a_5Imutu-xpRC0G29OLds3qJeBMXFN0rgpVtnSqSM-7Ht8sI8xXEoDVEmMtBDqo04ExT3w",
    "token_expiry": "2021-05-25T07:59:55Z"
  },
  "sentinels": {
    "config_sentinel": "/root/.config/gcloud/config_sentinel"
  }
}
2021-05-25 07:00:00,305 INFO     ___FILE_ONLY___ 

2021-05-25 07:00:00,306 DEBUG    root            SDK update checks are disabled.
