2021-05-25 13:54:33,163 DEBUG    root            Loaded Command Group: ['gcloud', 'config']
2021-05-25 13:54:33,169 DEBUG    root            Loaded Command Group: ['gcloud', 'config', 'config_helper']
2021-05-25 13:54:33,172 DEBUG    root            Running [gcloud.config.config-helper] with arguments: [--format: "json"]
2021-05-25 13:54:33,197 INFO     root            Display format: "default json"
2021-05-25 13:54:33,197 INFO     ___FILE_ONLY___ {
  "configuration": {
    "active_configuration": "kube8-",
    "properties": {
      "compute": {
        "region": "asia-south1",
        "zone": "asia-south1-c"
      },
      "core": {
        "account": "cmdbvijay@gmail.com",
        "disable_usage_reporting": "True",
        "project": "coastal-hue-314206"
      }
    }
  },
  "credential": {
    "access_token": "ya29.a0AfH6SMDXIKkIS6CUdFqiBt9hD77XIu7ry7CH-Z6Wubvz4IFoDti6fRQc-jMD5fWFrIf7w1ePzGlRAyMYf5IFMVgqYVGZFF76I2loBQkPJ6KjCwnWYSgpznLIXBqGoZsp3dISPMByTDvfUJVDnpaJWeqUzBB8SBNdI8iXKA",
    "id_token": "eyJhbGciOiJSUzI1NiIsImtpZCI6ImNkNDliMmFiMTZlMWU5YTQ5NmM4MjM5ZGFjMGRhZGQwOWQ0NDMwMTIiLCJ0eXAiOiJKV1QifQ.eyJpc3MiOiJodHRwczovL2FjY291bnRzLmdvb2dsZS5jb20iLCJhenAiOiIzMjU1NTk0MDU1OS5hcHBzLmdvb2dsZXVzZXJjb250ZW50LmNvbSIsImF1ZCI6IjMyNTU1OTQwNTU5LmFwcHMuZ29vZ2xldXNlcmNvbnRlbnQuY29tIiwic3ViIjoiMTA5MjI3NjM0ODE5NzI1MTM2OTM4IiwiZW1haWwiOiJjbWRidmlqYXlAZ21haWwuY29tIiwiZW1haWxfdmVyaWZpZWQiOnRydWUsImF0X2hhc2giOiJPNmJMbFNNSURTMWRkd09qVVRLd0x3IiwiaWF0IjoxNjIxOTUwNjY5LCJleHAiOjE2MjE5NTQyNjl9.B0JPEhMizCL5yQ3xyPe1gY_CILk1mZJaPLR9Lo8RvpmuVJNNIRMbiDf7BlLbezDc7e1b90JQ7GU45ETqtYvVw80TLcWhZGHmtZwYHjsbY4rfjcw8Q_-3ClgSqQUe2thNG7JV0QWJ1MRTMvGBScqxs38ImApkvMx-gI4DiX_GTEQCXV9YlYItBfdZ83bQR_zIvtvDzw3jBJ9kYCtqjb8O0NyegS76PTDVaj6jxuRik4BdetqbcNC9mehDiE3Q_5kVtcmU6eYyQ3fhCYuM5CDaxdqM0HpLny3En6DlO6ymQAh2--KTRtvrrZ4mE61afJV1gRuB_yS89Om_ddSTpxN_uw",
    "token_expiry": "2021-05-25T14:51:08Z"
  },
  "sentinels": {
    "config_sentinel": "/root/.config/gcloud/config_sentinel"
  }
}
2021-05-25 13:54:33,197 INFO     ___FILE_ONLY___ 

2021-05-25 13:54:33,198 DEBUG    root            SDK update checks are disabled.
