2021-05-25 13:51:09,346 DEBUG    root            Loaded Command Group: ['gcloud', 'container']
2021-05-25 13:51:09,358 DEBUG    root            Loaded Command Group: ['gcloud', 'container', 'clusters']
2021-05-25 13:51:09,364 DEBUG    root            Loaded Command Group: ['gcloud', 'container', 'clusters', 'resize']
2021-05-25 13:51:09,366 WARNING  root            The --size flag is now deprecated. Please use `--num-nodes` instead.
2021-05-25 13:51:09,439 DEBUG    google.auth.transport.requests Making request: POST https://oauth2.googleapis.com/token
2021-05-25 13:51:09,445 DEBUG    urllib3.connectionpool Starting new HTTPS connection (1): oauth2.googleapis.com:443
2021-05-25 13:51:09,653 DEBUG    urllib3.connectionpool https://oauth2.googleapis.com:443 "POST /token HTTP/1.1" 200 None
2021-05-25 13:51:09,698 DEBUG    root            Running [gcloud.container.clusters.resize] with arguments: [--size: "3", NAME: "my-cluster"]
2021-05-25 13:51:13,760 INFO     ___FILE_ONLY___ Resizing my-cluster...
2021-05-25 13:52:09,777 INFO     root            Operation <Operation
 clusterConditions: []
 endTime: '2021-05-25T13:52:07.234671848Z'
 name: 'operation-1621950673732-7bc1fd40'
 nodepoolConditions: []
 operationType: OperationTypeValueValuesEnum(SET_NODE_POOL_SIZE, 14)
 selfLink: 'https://container.googleapis.com/v1/projects/292914610678/zones/asia-south1-c/operations/operation-1621950673732-7bc1fd40'
 startTime: '2021-05-25T13:51:13.732222985Z'
 status: StatusValueValuesEnum(DONE, 3)
 targetLink: 'https://container.googleapis.com/v1/projects/292914610678/zones/asia-south1-c/clusters/my-cluster/nodePools/default-pool'
 zone: 'asia-south1-c'> succeeded after 56.017 seconds
2021-05-25 13:52:09,919 INFO     ___FILE_ONLY___ Updated [https://container.googleapis.com/v1/projects/coastal-hue-314206/zones/asia-south1-c/clusters/my-cluster].

2021-05-25 13:52:09,922 INFO     root            Display format: "default"
2021-05-25 13:52:09,923 DEBUG    root            SDK update checks are disabled.
