2021-05-25 14:12:55,357 DEBUG    root            Loaded Command Group: ['gcloud', 'container']
2021-05-25 14:12:55,362 DEBUG    root            Loaded Command Group: ['gcloud', 'container', 'clusters']
2021-05-25 14:12:55,364 DEBUG    root            Loaded Command Group: ['gcloud', 'container', 'clusters', 'resize']
2021-05-25 14:12:55,365 WARNING  root            The --size flag is now deprecated. Please use `--num-nodes` instead.
2021-05-25 14:12:55,410 DEBUG    root            Running [gcloud.container.clusters.resize] with arguments: [--size: "0", NAME: "my-cluster"]
2021-05-25 14:12:59,579 INFO     ___FILE_ONLY___ Resizing my-cluster...
2021-05-25 14:17:18,892 INFO     root            Operation <Operation
 clusterConditions: []
 endTime: '2021-05-25T14:17:15.069642649Z'
 name: 'operation-1621951979543-f3281ef5'
 nodepoolConditions: []
 operationType: OperationTypeValueValuesEnum(SET_NODE_POOL_SIZE, 14)
 selfLink: 'https://container.googleapis.com/v1/projects/292914610678/zones/asia-south1-c/operations/operation-1621951979543-f3281ef5'
 startTime: '2021-05-25T14:12:59.543392586Z'
 status: StatusValueValuesEnum(DONE, 3)
 targetLink: 'https://container.googleapis.com/v1/projects/292914610678/zones/asia-south1-c/clusters/my-cluster/nodePools/default-pool'
 zone: 'asia-south1-c'> succeeded after 259.313 seconds
2021-05-25 14:17:18,909 INFO     ___FILE_ONLY___ Updated [https://container.googleapis.com/v1/projects/coastal-hue-314206/zones/asia-south1-c/clusters/my-cluster].

2021-05-25 14:17:18,911 INFO     root            Display format: "default"
2021-05-25 14:17:18,911 DEBUG    root            SDK update checks are disabled.
