2021-05-24 12:56:11,201 DEBUG    root            Loaded Command Group: ['gcloud', 'config']
2021-05-24 12:56:11,205 DEBUG    root            Loaded Command Group: ['gcloud', 'config', 'config_helper']
2021-05-24 12:56:11,207 DEBUG    root            Running [gcloud.config.config-helper] with arguments: [--format: "json"]
2021-05-24 12:56:11,223 INFO     root            Display format: "default json"
2021-05-24 12:56:11,224 INFO     ___FILE_ONLY___ {
  "configuration": {
    "active_configuration": "kube8-",
    "properties": {
      "compute": {
        "region": "asia-south1",
        "zone": "asia-south1-c"
      },
      "core": {
        "account": "cmdbvijay@gmail.com",
        "disable_usage_reporting": "True",
        "project": "coastal-hue-314206"
      }
    }
  },
  "credential": {
    "access_token": "ya29.a0AfH6SMAJBcr5MuLYhm_IgK8sOKdVS3f-MngKdr62mhGZIPKliRVjI9S57pW2sUK_tPZEnFmqqCOKQ-_1tAxrMpI8-VcLwIFq4K5GUCbUJI3PpPMGyLq4izSRjuGq_7oLrc9dghEE9PybJGU-gR-gPZaiVrClI35ifvd49g",
    "id_token": "eyJhbGciOiJSUzI1NiIsImtpZCI6ImNkNDliMmFiMTZlMWU5YTQ5NmM4MjM5ZGFjMGRhZGQwOWQ0NDMwMTIiLCJ0eXAiOiJKV1QifQ.eyJpc3MiOiJodHRwczovL2FjY291bnRzLmdvb2dsZS5jb20iLCJhenAiOiIzMjU1NTk0MDU1OS5hcHBzLmdvb2dsZXVzZXJjb250ZW50LmNvbSIsImF1ZCI6IjMyNTU1OTQwNTU5LmFwcHMuZ29vZ2xldXNlcmNvbnRlbnQuY29tIiwic3ViIjoiMTA5MjI3NjM0ODE5NzI1MTM2OTM4IiwiZW1haWwiOiJjbWRidmlqYXlAZ21haWwuY29tIiwiZW1haWxfdmVyaWZpZWQiOnRydWUsImF0X2hhc2giOiJRcWV3WllLajJXdU5LalJ1Tjk4X1JBIiwiaWF0IjoxNjIxODYwOTY4LCJleHAiOjE2MjE4NjQ1Njh9.EySxdW2WskFC9qSvC5Ko6HGh30W4k39CZ8p5hxf2FHN6CVzm9c3IxtWl0gKX-SWJOYQQZTGF1oHvuLG9V7-hWkEozMajRtgnyD9BdRzAfSJ6ZZ-mRSydYT_QcVOg4BYf7snm0pB2ifejqLhsQ-b3R3R_3Q9EkoiMfGEZFy05xTGzTP8WsjXYfA5FoKkK-UdBk50k1lF_0xtBhvDZtFlLpmi56WBQMs3aKtJNJNLyWGxS53TX31r2kyis3iOlza7zvWl8D0Nky601sjTEn6nG_v5m9OZyrpZzGlrL2pOrQkL46wLaJj9vAG83f0eCGM71IxM8oEyJSWqsxzWptPYZFQ",
    "token_expiry": "2021-05-24T13:56:07Z"
  },
  "sentinels": {
    "config_sentinel": "/root/.config/gcloud/config_sentinel"
  }
}
2021-05-24 12:56:11,224 INFO     ___FILE_ONLY___ 

2021-05-24 12:56:11,224 DEBUG    root            SDK update checks are disabled.
