2021-05-20 13:49:50,763 DEBUG    root            Loaded Command Group: ['gcloud', 'config']
2021-05-20 13:49:50,766 DEBUG    root            Loaded Command Group: ['gcloud', 'config', 'config_helper']
2021-05-20 13:49:50,768 DEBUG    root            Running [gcloud.config.config-helper] with arguments: [--format: "json"]
2021-05-20 13:49:50,787 DEBUG    google.auth.transport.requests Making request: POST https://oauth2.googleapis.com/token
2021-05-20 13:49:50,788 DEBUG    urllib3.connectionpool Starting new HTTPS connection (1): oauth2.googleapis.com:443
2021-05-20 13:49:50,954 DEBUG    urllib3.connectionpool https://oauth2.googleapis.com:443 "POST /token HTTP/1.1" 200 None
2021-05-20 13:49:50,965 INFO     root            Display format: "default json"
2021-05-20 13:49:50,968 INFO     ___FILE_ONLY___ {
  "configuration": {
    "active_configuration": "kube8-",
    "properties": {
      "compute": {
        "region": "asia-south1",
        "zone": "asia-south1-c"
      },
      "core": {
        "account": "cmdbvijay@gmail.com",
        "disable_usage_reporting": "True",
        "project": "coastal-hue-314206"
      }
    }
  },
  "credential": {
    "access_token": "ya29.a0AfH6SMAXkUkIGXgeL8sgY6TwCVaNrXGUwwZffc0XBqDQEajJs2ogg9KzVRf9CnXzHBHxoRoHz4knl9SSznqwBjYZRrL6dw9WUfFN6wSy9pyEQNVt8GtyCYDIaC5Mx4BOCreT_SkBD98s4jP59wrlrNKWR5ThKFskHX7L",
    "id_token": "eyJhbGciOiJSUzI1NiIsImtpZCI6ImQzZmZiYjhhZGUwMWJiNGZhMmYyNWNmYjEwOGNjZWI4ODM0MDZkYWMiLCJ0eXAiOiJKV1QifQ.eyJpc3MiOiJodHRwczovL2FjY291bnRzLmdvb2dsZS5jb20iLCJhenAiOiIzMjU1NTk0MDU1OS5hcHBzLmdvb2dsZXVzZXJjb250ZW50LmNvbSIsImF1ZCI6IjMyNTU1OTQwNTU5LmFwcHMuZ29vZ2xldXNlcmNvbnRlbnQuY29tIiwic3ViIjoiMTA5MjI3NjM0ODE5NzI1MTM2OTM4IiwiZW1haWwiOiJjbWRidmlqYXlAZ21haWwuY29tIiwiZW1haWxfdmVyaWZpZWQiOnRydWUsImF0X2hhc2giOiI0NE9TZmI1YUFRUGNJcHJ4VFpfMTNBIiwiaWF0IjoxNjIxNTE4NTkwLCJleHAiOjE2MjE1MjIxOTB9.SJ0JVWY9PmVbCBOQIfp_oNjJZQZWXQA_0mp5-hUadH6Is4kUF0rPxzI1pGpjUaA7L2B-hmw0QnN3HAXFVEIX07P3alXwkes6jyTPkIZw2Sn9znR_Qp29t4SK9b84_RXNtAO7eYeatBaz75KMymTEJ64rCumS46GCV-RRkS2OLdVTgjnWFNJ7WG5YLQ4mi-mKXXWDHWilteM42e-9xKTfraup41S3Z74D26ocORHljrPF-WuFmZOx-S928Uve7KDXZSZhX4vNVaPKPxFojXgL9UXydTtOf3mBfq4Ygg96OG46ZopX-v7gvKbxb4cZq8TDnXRh81ZSAIJGe1SCNGadAw",
    "token_expiry": "2021-05-20T14:49:49Z"
  },
  "sentinels": {
    "config_sentinel": "/root/.config/gcloud/config_sentinel"
  }
}
2021-05-20 13:49:50,968 INFO     ___FILE_ONLY___ 

2021-05-20 13:49:50,968 DEBUG    root            SDK update checks are disabled.
